#! /usr/bin/vvp
:ivl_version "10.1 (stable)";
:ivl_delay_selection "TYPICAL";
:vpi_time_precision - 12;
:vpi_module "system";
:vpi_module "vhdl_sys";
:vpi_module "v2005_math";
:vpi_module "va_math";
S_0x557f69c44ff0 .scope module, "basicProcessor_tb" "basicProcessor_tb" 2 4;
 .timescale -12 -12;
P_0x557f69c6ebb0 .param/l "Load" 1 2 12, C4<01>;
P_0x557f69c6ebf0 .param/l "alu" 1 2 22, C4<11>;
P_0x557f69c6ec30 .param/l "equal" 1 2 19, C4<01>;
P_0x557f69c6ec70 .param/l "immediate" 1 2 14, C4<01>;
P_0x557f69c6ecb0 .param/l "jump" 1 2 17, C4<10>;
P_0x557f69c6ecf0 .param/l "mem" 1 2 13, C4<00>;
P_0x557f69c6ed30 .param/l "move" 1 2 16, C4<11>;
P_0x557f69c6ed70 .param/l "negative" 1 2 21, C4<11>;
P_0x557f69c6edb0 .param/l "noOp" 1 2 11, C4<00000000000000000000000000000000>;
P_0x557f69c6edf0 .param/l "notEqual" 1 2 20, C4<10>;
P_0x557f69c6ee30 .param/l "unconditional" 1 2 18, C4<00>;
P_0x557f69c6ee70 .param/l "write" 1 2 15, C4<10>;
v0x557f69c91dc0_0 .net "WE", 0 0, L_0x557f69ca9cb0;  1 drivers
v0x557f69c91eb0_0 .var "clk", 0 0;
v0x557f69c91f50 .array "instruction", 0 31, 31 0;
v0x557f69c91ff0_0 .net "instructionAddress", 31 0, L_0x557f69c33360;  1 drivers
v0x557f69c920c0_0 .net "memAddress", 31 0, L_0x557f69ca8ff0;  1 drivers
o0x7f9b0b1c98a8 .functor BUFZ 32, C4<zzzzzzzzzzzzzzzzzzzzzzzzzzzzzzzz>; HiZ drive
v0x557f69c921b0_0 .net "memOut", 31 0, o0x7f9b0b1c98a8;  0 drivers
v0x557f69c92280 .array "memory", 0 31, 31 0;
v0x557f69c92320_0 .var "reset", 0 0;
L_0x557f69caa870 .array/port v0x557f69c92280, L_0x557f69ca8ff0;
L_0x557f69caa960 .array/port v0x557f69c91f50, L_0x557f69c33360;
S_0x557f69c44a10 .scope module, "p" "Processor" 2 69, 3 5 0, S_0x557f69c44ff0;
 .timescale -12 -12;
    .port_info 0 /INPUT 32 "memoryIn"
    .port_info 1 /OUTPUT 32 "memoryOut"
    .port_info 2 /OUTPUT 32 "memoryAddress"
    .port_info 3 /OUTPUT 1 "memoryWE"
    .port_info 4 /INPUT 32 "instruction"
    .port_info 5 /OUTPUT 32 "instructionAddress"
    .port_info 6 /INPUT 1 "reset"
    .port_info 7 /INPUT 1 "clk"
L_0x557f69c33360 .functor BUFZ 32, v0x557f69c915a0_0, C4<00000000000000000000000000000000>, C4<00000000000000000000000000000000>, C4<00000000000000000000000000000000>;
L_0x557f69c33120 .functor BUFZ 32, L_0x557f69c31d00, C4<00000000000000000000000000000000>, C4<00000000000000000000000000000000>, C4<00000000000000000000000000000000>;
L_0x557f69c32ca0 .functor BUFZ 2, L_0x557f69c928d0, C4<00>, C4<00>, C4<00>;
L_0x557f69c325e0 .functor BUFZ 4, L_0x557f69c94ef0, C4<0000>, C4<0000>, C4<0000>;
L_0x557f69c6a5c0 .functor AND 1, L_0x557f69c952c0, L_0x557f69c95360, C4<1>, C4<1>;
L_0x557f69c96450 .functor BUFZ 2, L_0x557f69c928d0, C4<00>, C4<00>, C4<00>;
L_0x557f69c957d0 .functor NOT 1, v0x557f69c904e0_0, C4<0>, C4<0>, C4<0>;
L_0x557f69ca83a0 .functor BUFZ 32, L_0x557f69c948f0, C4<00000000000000000000000000000000>, C4<00000000000000000000000000000000>, C4<00000000000000000000000000000000>;
L_0x557f69ca86d0 .functor NOT 1, L_0x557f69ca84b0, C4<0>, C4<0>, C4<0>;
L_0x557f69ca8790 .functor AND 1, L_0x557f69ca8410, L_0x557f69ca86d0, C4<1>, C4<1>;
L_0x557f69ca8900 .functor AND 1, L_0x557f69ca8790, L_0x557f69ca80a0, C4<1>, C4<1>;
L_0x557f69ca8a60 .functor BUFZ 2, L_0x557f69c928d0, C4<00>, C4<00>, C4<00>;
L_0x557f69ca9370 .functor NOT 1, L_0x557f69ca92d0, C4<0>, C4<0>, C4<0>;
L_0x557f69ca9680 .functor AND 1, L_0x557f69ca9370, L_0x557f69ca9430, C4<1>, C4<1>;
L_0x557f69ca8e90 .functor NOT 1, L_0x557f69ca98b0, C4<0>, C4<0>, C4<0>;
L_0x557f69ca9b10 .functor AND 1, L_0x557f69ca9810, L_0x557f69ca8e90, C4<1>, C4<1>;
L_0x557f69ca9cb0 .functor AND 1, L_0x557f69ca9680, L_0x557f69ca9b10, C4<1>, C4<1>;
L_0x557f69ca9e10 .functor NOT 1, L_0x557f69ca9cb0, C4<0>, C4<0>, C4<0>;
L_0x557f69ca9fc0 .functor AND 1, L_0x557f69ca9e10, L_0x557f69ca9f20, C4<1>, C4<1>;
L_0x557f69caa430 .functor AND 1, L_0x557f69caa120, L_0x557f69caa390, C4<1>, C4<1>;
v0x557f69c8c740_0 .net "A", 31 0, L_0x557f69c948f0;  1 drivers
v0x557f69c8c820_0 .net "B", 31 0, L_0x557f69c33120;  1 drivers
v0x557f69c8c8c0_0 .net *"_s101", 0 0, L_0x557f69ca7ce0;  1 drivers
L_0x7f9b0b17f258 .functor BUFT 1, C4<1>, C4<0>, C4<0>, C4<0>;
v0x557f69c8c960_0 .net/2u *"_s102", 0 0, L_0x7f9b0b17f258;  1 drivers
v0x557f69c8ca40_0 .net *"_s104", 0 0, L_0x557f69ca8000;  1 drivers
v0x557f69c8cb20_0 .net *"_s111", 0 0, L_0x557f69ca8410;  1 drivers
v0x557f69c8cc00_0 .net *"_s113", 0 0, L_0x557f69ca84b0;  1 drivers
v0x557f69c8cce0_0 .net *"_s114", 0 0, L_0x557f69ca86d0;  1 drivers
v0x557f69c8cdc0_0 .net *"_s116", 0 0, L_0x557f69ca8790;  1 drivers
v0x557f69c8cea0_0 .net *"_s118", 0 0, L_0x557f69ca8900;  1 drivers
L_0x7f9b0b17f2a0 .functor BUFT 1, C4<00000000000000000000000000000001>, C4<0>, C4<0>, C4<0>;
v0x557f69c8cf80_0 .net/2u *"_s120", 31 0, L_0x7f9b0b17f2a0;  1 drivers
v0x557f69c8d060_0 .net *"_s122", 31 0, L_0x557f69ca89c0;  1 drivers
v0x557f69c8d140_0 .net *"_s129", 0 0, L_0x557f69ca8f00;  1 drivers
v0x557f69c8d220_0 .net *"_s133", 0 0, L_0x557f69ca92d0;  1 drivers
v0x557f69c8d300_0 .net *"_s134", 0 0, L_0x557f69ca9370;  1 drivers
v0x557f69c8d3e0_0 .net *"_s137", 0 0, L_0x557f69ca9430;  1 drivers
v0x557f69c8d4c0_0 .net *"_s138", 0 0, L_0x557f69ca9680;  1 drivers
v0x557f69c8d5a0_0 .net *"_s141", 0 0, L_0x557f69ca9810;  1 drivers
v0x557f69c8d680_0 .net *"_s143", 0 0, L_0x557f69ca98b0;  1 drivers
v0x557f69c8d760_0 .net *"_s144", 0 0, L_0x557f69ca8e90;  1 drivers
v0x557f69c8d840_0 .net *"_s146", 0 0, L_0x557f69ca9b10;  1 drivers
v0x557f69c8d920_0 .net *"_s15", 0 0, L_0x557f69c929b0;  1 drivers
v0x557f69c8da00_0 .net *"_s150", 0 0, L_0x557f69ca9e10;  1 drivers
v0x557f69c8dae0_0 .net *"_s153", 0 0, L_0x557f69ca9f20;  1 drivers
v0x557f69c8dbc0_0 .net *"_s157", 0 0, L_0x557f69caa120;  1 drivers
v0x557f69c8dca0_0 .net *"_s159", 0 0, L_0x557f69caa390;  1 drivers
v0x557f69c8dd80_0 .net *"_s160", 0 0, L_0x557f69caa430;  1 drivers
v0x557f69c8de60_0 .net *"_s17", 0 0, L_0x557f69c92aa0;  1 drivers
v0x557f69c8df40_0 .net *"_s19", 3 0, L_0x557f69c92b90;  1 drivers
v0x557f69c8e020_0 .net *"_s21", 3 0, L_0x557f69c92cb0;  1 drivers
v0x557f69c8e100_0 .net *"_s22", 3 0, L_0x557f69c92e00;  1 drivers
v0x557f69c8e1e0_0 .net *"_s25", 3 0, L_0x557f69c92f40;  1 drivers
v0x557f69c8e2c0_0 .net *"_s29", 0 0, L_0x557f69c93230;  1 drivers
v0x557f69c8e5b0_0 .net *"_s31", 3 0, L_0x557f69c933e0;  1 drivers
v0x557f69c8e690_0 .net *"_s33", 3 0, L_0x557f69c93480;  1 drivers
L_0x7f9b0b17f0a8 .functor BUFT 1, C4<00000000>, C4<0>, C4<0>, C4<0>;
v0x557f69c8e770_0 .net/2u *"_s36", 7 0, L_0x7f9b0b17f0a8;  1 drivers
v0x557f69c8e850_0 .net *"_s41", 0 0, L_0x557f69c93ea0;  1 drivers
v0x557f69c8e930_0 .net *"_s43", 0 0, L_0x557f69c93f90;  1 drivers
v0x557f69c8ea10_0 .net *"_s44", 31 0, L_0x557f69c93e00;  1 drivers
v0x557f69c8eaf0_0 .net *"_s49", 0 0, L_0x557f69c94380;  1 drivers
v0x557f69c8ebd0_0 .net *"_s53", 0 0, L_0x557f69c945e0;  1 drivers
v0x557f69c8ecb0_0 .net *"_s55", 0 0, L_0x557f69c94680;  1 drivers
v0x557f69c8ed90_0 .net *"_s56", 31 0, L_0x557f69c94800;  1 drivers
v0x557f69c8ee70_0 .net *"_s63", 0 0, L_0x557f69c94c10;  1 drivers
v0x557f69c8ef50_0 .net *"_s65", 3 0, L_0x557f69c94cb0;  1 drivers
v0x557f69c8f030_0 .net *"_s67", 3 0, L_0x557f69c94e50;  1 drivers
v0x557f69c8f110_0 .net *"_s75", 0 0, L_0x557f69c952c0;  1 drivers
v0x557f69c8f1f0_0 .net *"_s77", 0 0, L_0x557f69c95360;  1 drivers
L_0x7f9b0b17f210 .functor BUFT 1, C4<00000000000000000000000000000000>, C4<0>, C4<0>, C4<0>;
v0x557f69c8f2d0_0 .net/2u *"_s80", 31 0, L_0x7f9b0b17f210;  1 drivers
v0x557f69c8f3b0_0 .net *"_s82", 0 0, L_0x557f69ca7330;  1 drivers
v0x557f69c8f470_0 .net *"_s87", 0 0, L_0x557f69ca75a0;  1 drivers
v0x557f69c8f550_0 .net *"_s93", 0 0, L_0x557f69ca7820;  1 drivers
v0x557f69c8f630_0 .net *"_s95", 0 0, L_0x557f69ca7910;  1 drivers
v0x557f69c8f710_0 .net *"_s96", 0 0, L_0x557f69c957d0;  1 drivers
v0x557f69c8f7f0_0 .net *"_s98", 0 0, L_0x557f69ca7b50;  1 drivers
v0x557f69c8f8d0_0 .net "aluOp", 1 0, L_0x557f69c32ca0;  1 drivers
v0x557f69c8f990_0 .net "aluOut", 31 0, L_0x557f69c97190;  1 drivers
v0x557f69c8fa60_0 .net "aluShift", 3 0, L_0x557f69c325e0;  1 drivers
v0x557f69c8fb30_0 .net "byte1", 7 0, L_0x557f69c92440;  1 drivers
v0x557f69c8fbf0_0 .net "byte2", 7 0, L_0x557f69c92540;  1 drivers
v0x557f69c8fcd0_0 .net "byte3", 7 0, L_0x557f69c92660;  1 drivers
v0x557f69c8fdb0_0 .net "byte4", 7 0, L_0x557f69c92700;  1 drivers
v0x557f69c8fe90_0 .net "clk", 0 0, v0x557f69c91eb0_0;  1 drivers
v0x557f69c8ff60_0 .net "dest", 3 0, L_0x557f69c94ef0;  1 drivers
v0x557f69c90030_0 .var "fNegative", 0 0;
v0x557f69c904e0_0 .var "fZero", 0 0;
v0x557f69c905a0_0 .net "immediate", 31 0, L_0x557f69c93cd0;  1 drivers
v0x557f69c90680_0 .net "instruction", 31 0, L_0x557f69caa960;  1 drivers
v0x557f69c90760_0 .net "instructionAddress", 31 0, L_0x557f69c33360;  alias, 1 drivers
v0x557f69c90840_0 .net "isALU", 0 0, L_0x557f69c6a5c0;  1 drivers
v0x557f69c90900_0 .net "jumpA", 31 0, L_0x557f69c94420;  1 drivers
v0x557f69c909e0_0 .net "jumpOp", 1 0, L_0x557f69c96450;  1 drivers
v0x557f69c90ac0_0 .net "jumpPC", 31 0, L_0x557f69ca83a0;  1 drivers
v0x557f69c90ba0_0 .net "loadA", 31 0, L_0x557f69c94180;  1 drivers
v0x557f69c90c80_0 .net "loadOp", 1 0, L_0x557f69ca8a60;  1 drivers
v0x557f69c90d60_0 .net "memoryAddress", 31 0, L_0x557f69ca8ff0;  alias, 1 drivers
v0x557f69c90e40_0 .net "memoryIn", 31 0, L_0x557f69caa870;  1 drivers
v0x557f69c90f20_0 .net "memoryOut", 31 0, o0x7f9b0b1c98a8;  alias, 0 drivers
v0x557f69c91000_0 .net "memoryWE", 0 0, L_0x557f69ca9cb0;  alias, 1 drivers
o0x7f9b0b1c9908 .functor BUFZ 1, C4<z>; HiZ drive
v0x557f69c910c0_0 .net "nFN", 0 0, o0x7f9b0b1c9908;  0 drivers
v0x557f69c91180_0 .net "nFZ", 0 0, L_0x557f69ca73d0;  1 drivers
v0x557f69c91240_0 .net "nPC", 31 0, L_0x557f69ca8b70;  1 drivers
v0x557f69c91320_0 .net "nfN", 0 0, L_0x557f69ca7640;  1 drivers
v0x557f69c913e0_0 .net "op", 1 0, L_0x557f69c92800;  1 drivers
v0x557f69c914c0_0 .net "opArg", 1 0, L_0x557f69c928d0;  1 drivers
v0x557f69c915a0_0 .var "pc", 31 0;
v0x557f69c91680_0 .net "regA", 31 0, L_0x557f69c92fe0;  1 drivers
v0x557f69c91770_0 .net "regAddrA", 3 0, L_0x557f69c93050;  1 drivers
v0x557f69c91840_0 .net "regAddrB", 3 0, L_0x557f69c93640;  1 drivers
v0x557f69c91910_0 .net "regB", 31 0, L_0x557f69c31d00;  1 drivers
v0x557f69c919e0_0 .net "regDataIn", 31 0, L_0x557f69ca9e80;  1 drivers
v0x557f69c91ab0_0 .net "regWE", 0 0, L_0x557f69ca9fc0;  1 drivers
v0x557f69c91b80_0 .net "reset", 0 0, v0x557f69c92320_0;  1 drivers
v0x557f69c91c20_0 .net "taken", 0 0, L_0x557f69ca80a0;  1 drivers
E_0x557f69c1ade0 .event edge, v0x557f69c91b80_0;
L_0x557f69c92440 .part L_0x557f69caa960, 24, 8;
L_0x557f69c92540 .part L_0x557f69caa960, 16, 8;
L_0x557f69c92660 .part L_0x557f69caa960, 8, 8;
L_0x557f69c92700 .part L_0x557f69caa960, 0, 8;
L_0x557f69c92800 .part L_0x557f69c92440, 6, 2;
L_0x557f69c928d0 .part L_0x557f69c92440, 4, 2;
L_0x557f69c929b0 .part L_0x557f69c92800, 1, 1;
L_0x557f69c92aa0 .part L_0x557f69c92800, 0, 1;
L_0x557f69c92b90 .part L_0x557f69c92660, 0, 4;
L_0x557f69c92cb0 .part L_0x557f69c92540, 0, 4;
L_0x557f69c92e00 .functor MUXZ 4, L_0x557f69c92cb0, L_0x557f69c92b90, L_0x557f69c92aa0, C4<>;
L_0x557f69c92f40 .part L_0x557f69c92540, 0, 4;
L_0x557f69c93050 .functor MUXZ 4, L_0x557f69c92f40, L_0x557f69c92e00, L_0x557f69c929b0, C4<>;
L_0x557f69c93230 .part L_0x557f69c92800, 1, 1;
L_0x557f69c933e0 .part L_0x557f69c92700, 0, 4;
L_0x557f69c93480 .part L_0x557f69c92440, 0, 4;
L_0x557f69c93640 .functor MUXZ 4, L_0x557f69c93480, L_0x557f69c933e0, L_0x557f69c93230, C4<>;
L_0x557f69c93cd0 .concat [ 8 8 8 8], L_0x557f69c92700, L_0x557f69c92660, L_0x557f69c92540, L_0x7f9b0b17f0a8;
L_0x557f69c93ea0 .part L_0x557f69c928d0, 1, 1;
L_0x557f69c93f90 .part L_0x557f69c928d0, 0, 1;
L_0x557f69c93e00 .functor MUXZ 32, L_0x557f69caa870, L_0x557f69c93cd0, L_0x557f69c93f90, C4<>;
L_0x557f69c94180 .functor MUXZ 32, L_0x557f69c93e00, L_0x557f69c92fe0, L_0x557f69c93ea0, C4<>;
L_0x557f69c94380 .part L_0x557f69c92440, 0, 1;
L_0x557f69c94420 .functor MUXZ 32, L_0x557f69c93cd0, L_0x557f69c92fe0, L_0x557f69c94380, C4<>;
L_0x557f69c945e0 .part L_0x557f69c92800, 1, 1;
L_0x557f69c94680 .part L_0x557f69c92800, 0, 1;
L_0x557f69c94800 .functor MUXZ 32, L_0x557f69c94420, L_0x557f69c92fe0, L_0x557f69c94680, C4<>;
L_0x557f69c948f0 .functor MUXZ 32, L_0x557f69c94180, L_0x557f69c94800, L_0x557f69c945e0, C4<>;
L_0x557f69c94c10 .part L_0x557f69c92800, 0, 1;
L_0x557f69c94cb0 .part L_0x557f69c92540, 0, 4;
L_0x557f69c94e50 .part L_0x557f69c92440, 0, 4;
L_0x557f69c94ef0 .functor MUXZ 4, L_0x557f69c94e50, L_0x557f69c94cb0, L_0x557f69c94c10, C4<>;
L_0x557f69c952c0 .part L_0x557f69c92800, 0, 1;
L_0x557f69c95360 .part L_0x557f69c92800, 1, 1;
L_0x557f69ca7330 .cmp/eq 32, L_0x557f69c97190, L_0x7f9b0b17f210;
L_0x557f69ca73d0 .functor MUXZ 1, v0x557f69c904e0_0, L_0x557f69ca7330, L_0x557f69c6a5c0, C4<>;
L_0x557f69ca75a0 .part L_0x557f69c97190, 31, 1;
L_0x557f69ca7640 .functor MUXZ 1, v0x557f69c90030_0, L_0x557f69ca75a0, L_0x557f69c6a5c0, C4<>;
L_0x557f69ca7820 .part L_0x557f69c96450, 1, 1;
L_0x557f69ca7910 .part L_0x557f69c96450, 0, 1;
L_0x557f69ca7b50 .functor MUXZ 1, L_0x557f69c957d0, v0x557f69c90030_0, L_0x557f69ca7910, C4<>;
L_0x557f69ca7ce0 .part L_0x557f69c96450, 0, 1;
L_0x557f69ca8000 .functor MUXZ 1, L_0x7f9b0b17f258, v0x557f69c904e0_0, L_0x557f69ca7ce0, C4<>;
L_0x557f69ca80a0 .functor MUXZ 1, L_0x557f69ca8000, L_0x557f69ca7b50, L_0x557f69ca7820, C4<>;
L_0x557f69ca8410 .part L_0x557f69c92800, 1, 1;
L_0x557f69ca84b0 .part L_0x557f69c92800, 0, 1;
L_0x557f69ca89c0 .arith/sum 32, v0x557f69c915a0_0, L_0x7f9b0b17f2a0;
L_0x557f69ca8b70 .functor MUXZ 32, L_0x557f69ca89c0, L_0x557f69ca83a0, L_0x557f69ca8900, C4<>;
L_0x557f69ca8f00 .part L_0x557f69ca8a60, 1, 1;
L_0x557f69ca8ff0 .functor MUXZ 32, L_0x557f69c948f0, L_0x557f69c33120, L_0x557f69ca8f00, C4<>;
L_0x557f69ca92d0 .part L_0x557f69c92800, 1, 1;
L_0x557f69ca9430 .part L_0x557f69c92800, 0, 1;
L_0x557f69ca9810 .part L_0x557f69ca8a60, 1, 1;
L_0x557f69ca98b0 .part L_0x557f69ca8a60, 0, 1;
L_0x557f69ca9f20 .part L_0x557f69c92800, 0, 1;
L_0x557f69caa120 .part L_0x557f69c92800, 1, 1;
L_0x557f69caa390 .part L_0x557f69c92800, 0, 1;
L_0x557f69ca9e80 .functor MUXZ 32, L_0x557f69c948f0, L_0x557f69c97190, L_0x557f69caa430, C4<>;
S_0x557f69c42540 .scope module, "alu" "ALU" 3 71, 4 2 0, S_0x557f69c44a10;
 .timescale -12 -12;
    .port_info 0 /INPUT 32 "a"
    .port_info 1 /INPUT 32 "b"
    .port_info 2 /INPUT 2 "op"
    .port_info 3 /INPUT 4 "shift"
    .port_info 4 /OUTPUT 32 "out"
L_0x557f69c6a630 .functor AND 32, L_0x557f69c948f0, L_0x557f69c33120, C4<11111111111111111111111111111111>, C4<11111111111111111111111111111111>;
L_0x557f69c955c0 .functor OR 32, L_0x557f69c948f0, L_0x557f69c33120, C4<00000000000000000000000000000000>, C4<00000000000000000000000000000000>;
L_0x557f69c956c0 .functor XOR 32, L_0x557f69c948f0, L_0x557f69c33120, C4<00000000000000000000000000000000>, C4<00000000000000000000000000000000>;
v0x557f69c69f60_0 .net *"_s11", 0 0, L_0x557f69c958e0;  1 drivers
v0x557f69c691e0_0 .net *"_s12", 31 0, L_0x557f69c95a10;  1 drivers
v0x557f69c89980_0 .net *"_s15", 0 0, L_0x557f69c95ab0;  1 drivers
v0x557f69c89a40_0 .net *"_s16", 31 0, L_0x557f69c95b50;  1 drivers
v0x557f69c89b20_0 .net *"_s21", 0 0, L_0x557f69c95eb0;  1 drivers
v0x557f69c89c50_0 .net *"_s23", 30 0, L_0x557f69c95fa0;  1 drivers
L_0x7f9b0b17f0f0 .functor BUFT 1, C4<0>, C4<0>, C4<0>, C4<0>;
v0x557f69c89d30_0 .net/2u *"_s24", 0 0, L_0x7f9b0b17f0f0;  1 drivers
v0x557f69c89e10_0 .net *"_s26", 31 0, L_0x557f69c96090;  1 drivers
v0x557f69c89ef0_0 .net *"_s31", 0 0, L_0x557f69c96320;  1 drivers
v0x557f69c89fd0_0 .net *"_s33", 29 0, L_0x557f69c964c0;  1 drivers
L_0x7f9b0b17f138 .functor BUFT 1, C4<00>, C4<0>, C4<0>, C4<0>;
v0x557f69c8a0b0_0 .net/2u *"_s34", 1 0, L_0x7f9b0b17f138;  1 drivers
v0x557f69c8a190_0 .net *"_s36", 31 0, L_0x557f69c965b0;  1 drivers
v0x557f69c8a270_0 .net *"_s41", 0 0, L_0x557f69c968b0;  1 drivers
v0x557f69c8a350_0 .net *"_s43", 27 0, L_0x557f69c969e0;  1 drivers
L_0x7f9b0b17f180 .functor BUFT 1, C4<0000>, C4<0>, C4<0>, C4<0>;
v0x557f69c8a430_0 .net/2u *"_s44", 3 0, L_0x7f9b0b17f180;  1 drivers
v0x557f69c8a510_0 .net *"_s46", 31 0, L_0x557f69c96ad0;  1 drivers
v0x557f69c8a5f0_0 .net *"_s51", 0 0, L_0x557f69c96df0;  1 drivers
v0x557f69c8a6d0_0 .net *"_s53", 23 0, L_0x557f69c96c10;  1 drivers
L_0x7f9b0b17f1c8 .functor BUFT 1, C4<00000000>, C4<0>, C4<0>, C4<0>;
v0x557f69c8a7b0_0 .net/2u *"_s54", 7 0, L_0x7f9b0b17f1c8;  1 drivers
v0x557f69c8a890_0 .net *"_s56", 31 0, L_0x557f69c96f90;  1 drivers
v0x557f69c8a970_0 .net *"_s9", 0 0, L_0x557f69c95840;  1 drivers
v0x557f69c8aa50_0 .net "a", 31 0, L_0x557f69c948f0;  alias, 1 drivers
v0x557f69c8ab30_0 .net "addout", 31 0, L_0x557f69c95730;  1 drivers
v0x557f69c8ac10_0 .net "andout", 31 0, L_0x557f69c6a630;  1 drivers
v0x557f69c8acf0_0 .net "b", 31 0, L_0x557f69c33120;  alias, 1 drivers
v0x557f69c8add0_0 .net "op", 1 0, L_0x557f69c32ca0;  alias, 1 drivers
v0x557f69c8aeb0_0 .net "opout", 31 0, L_0x557f69c95d20;  1 drivers
v0x557f69c8af90_0 .net "orout", 31 0, L_0x557f69c955c0;  1 drivers
v0x557f69c8b070_0 .net "out", 31 0, L_0x557f69c97190;  alias, 1 drivers
v0x557f69c8b150_0 .net "shift", 3 0, L_0x557f69c325e0;  alias, 1 drivers
v0x557f69c8b230_0 .net "shift1", 31 0, L_0x557f69c96230;  1 drivers
v0x557f69c8b310_0 .net "shift2", 31 0, L_0x557f69c96770;  1 drivers
v0x557f69c8b3f0_0 .net "shift4", 31 0, L_0x557f69c96cb0;  1 drivers
v0x557f69c8b4d0_0 .net "xorout", 31 0, L_0x557f69c956c0;  1 drivers
L_0x557f69c95730 .arith/sum 32, L_0x557f69c948f0, L_0x557f69c33120;
L_0x557f69c95840 .part L_0x557f69c32ca0, 1, 1;
L_0x557f69c958e0 .part L_0x557f69c32ca0, 0, 1;
L_0x557f69c95a10 .functor MUXZ 32, L_0x557f69c956c0, L_0x557f69c95730, L_0x557f69c958e0, C4<>;
L_0x557f69c95ab0 .part L_0x557f69c32ca0, 0, 1;
L_0x557f69c95b50 .functor MUXZ 32, L_0x557f69c6a630, L_0x557f69c955c0, L_0x557f69c95ab0, C4<>;
L_0x557f69c95d20 .functor MUXZ 32, L_0x557f69c95b50, L_0x557f69c95a10, L_0x557f69c95840, C4<>;
L_0x557f69c95eb0 .part L_0x557f69c325e0, 0, 1;
L_0x557f69c95fa0 .part L_0x557f69c95d20, 1, 31;
L_0x557f69c96090 .concat [ 1 31 0 0], L_0x7f9b0b17f0f0, L_0x557f69c95fa0;
L_0x557f69c96230 .functor MUXZ 32, L_0x557f69c95d20, L_0x557f69c96090, L_0x557f69c95eb0, C4<>;
L_0x557f69c96320 .part L_0x557f69c325e0, 1, 1;
L_0x557f69c964c0 .part L_0x557f69c96230, 2, 30;
L_0x557f69c965b0 .concat [ 2 30 0 0], L_0x7f9b0b17f138, L_0x557f69c964c0;
L_0x557f69c96770 .functor MUXZ 32, L_0x557f69c96230, L_0x557f69c965b0, L_0x557f69c96320, C4<>;
L_0x557f69c968b0 .part L_0x557f69c325e0, 2, 1;
L_0x557f69c969e0 .part L_0x557f69c96770, 4, 28;
L_0x557f69c96ad0 .concat [ 4 28 0 0], L_0x7f9b0b17f180, L_0x557f69c969e0;
L_0x557f69c96cb0 .functor MUXZ 32, L_0x557f69c96770, L_0x557f69c96ad0, L_0x557f69c968b0, C4<>;
L_0x557f69c96df0 .part L_0x557f69c325e0, 3, 1;
L_0x557f69c96c10 .part L_0x557f69c96cb0, 8, 24;
L_0x557f69c96f90 .concat [ 8 24 0 0], L_0x7f9b0b17f1c8, L_0x557f69c96c10;
L_0x557f69c97190 .functor MUXZ 32, L_0x557f69c96cb0, L_0x557f69c96f90, L_0x557f69c96df0, C4<>;
S_0x557f69c8b650 .scope module, "reg0" "RegFile" 3 50, 5 1 0, S_0x557f69c44a10;
 .timescale -12 -12;
    .port_info 0 /INPUT 4 "addrA"
    .port_info 1 /INPUT 4 "addrB"
    .port_info 2 /INPUT 4 "addrW"
    .port_info 3 /INPUT 32 "dataIn"
    .port_info 4 /INPUT 1 "WE"
    .port_info 5 /INPUT 1 "clk"
    .port_info 6 /OUTPUT 32 "A"
    .port_info 7 /OUTPUT 32 "B"
L_0x557f69c92fe0 .functor BUFZ 32, L_0x557f69c937d0, C4<00000000000000000000000000000000>, C4<00000000000000000000000000000000>, C4<00000000000000000000000000000000>;
L_0x557f69c31d00 .functor BUFZ 32, L_0x557f69c93a50, C4<00000000000000000000000000000000>, C4<00000000000000000000000000000000>, C4<00000000000000000000000000000000>;
v0x557f69c8b930_0 .net "A", 31 0, L_0x557f69c92fe0;  alias, 1 drivers
v0x557f69c8ba30_0 .net "B", 31 0, L_0x557f69c31d00;  alias, 1 drivers
v0x557f69c8bb10_0 .net "WE", 0 0, L_0x557f69ca9fc0;  alias, 1 drivers
v0x557f69c8bbb0_0 .net *"_s0", 31 0, L_0x557f69c937d0;  1 drivers
v0x557f69c8bc90_0 .net *"_s10", 5 0, L_0x557f69c93af0;  1 drivers
L_0x7f9b0b17f060 .functor BUFT 1, C4<00>, C4<0>, C4<0>, C4<0>;
v0x557f69c8bdc0_0 .net *"_s13", 1 0, L_0x7f9b0b17f060;  1 drivers
v0x557f69c8bea0_0 .net *"_s2", 5 0, L_0x557f69c93870;  1 drivers
L_0x7f9b0b17f018 .functor BUFT 1, C4<00>, C4<0>, C4<0>, C4<0>;
v0x557f69c8bf80_0 .net *"_s5", 1 0, L_0x7f9b0b17f018;  1 drivers
v0x557f69c8c060_0 .net *"_s8", 31 0, L_0x557f69c93a50;  1 drivers
v0x557f69c8c140_0 .net "addrA", 3 0, L_0x557f69c93050;  alias, 1 drivers
v0x557f69c8c220_0 .net "addrB", 3 0, L_0x557f69c93640;  alias, 1 drivers
v0x557f69c8c300_0 .net "addrW", 3 0, L_0x557f69c94ef0;  alias, 1 drivers
v0x557f69c8c3e0_0 .net "clk", 0 0, v0x557f69c91eb0_0;  alias, 1 drivers
v0x557f69c8c4a0_0 .net "dataIn", 31 0, L_0x557f69ca9e80;  alias, 1 drivers
v0x557f69c8c580 .array "regfile", 0 15, 31 0;
E_0x557f69c1ba70 .event posedge, v0x557f69c8c3e0_0;
L_0x557f69c937d0 .array/port v0x557f69c8c580, L_0x557f69c93870;
L_0x557f69c93870 .concat [ 4 2 0 0], L_0x557f69c93050, L_0x7f9b0b17f018;
L_0x557f69c93a50 .array/port v0x557f69c8c580, L_0x557f69c93af0;
L_0x557f69c93af0 .concat [ 4 2 0 0], L_0x557f69c93640, L_0x7f9b0b17f060;
    .scope S_0x557f69c8b650;
T_0 ;
    %wait E_0x557f69c1ba70;
    %load/vec4 v0x557f69c8bb10_0;
    %flag_set/vec4 8;
    %jmp/0xz  T_0.0, 8;
    %load/vec4 v0x557f69c8c4a0_0;
    %load/vec4 v0x557f69c8c300_0;
    %pad/u 6;
    %ix/vec4 3;
    %ix/load 4, 0, 0; Constant delay
    %assign/vec4/a/d v0x557f69c8c580, 0, 4;
T_0.0 ;
    %jmp T_0;
    .thread T_0;
    .scope S_0x557f69c44a10;
T_1 ;
    %pushi/vec4 0, 0, 32;
    %store/vec4 v0x557f69c915a0_0, 0, 32;
    %end;
    .thread T_1;
    .scope S_0x557f69c44a10;
T_2 ;
    %wait E_0x557f69c1ade0;
    %pushi/vec4 0, 0, 32;
    %store/vec4 v0x557f69c915a0_0, 0, 32;
    %jmp T_2;
    .thread T_2, $push;
    .scope S_0x557f69c44a10;
T_3 ;
    %wait E_0x557f69c1ba70;
    %load/vec4 v0x557f69c91240_0;
    %assign/vec4 v0x557f69c915a0_0, 0;
    %load/vec4 v0x557f69c91180_0;
    %assign/vec4 v0x557f69c904e0_0, 0;
    %load/vec4 v0x557f69c910c0_0;
    %assign/vec4 v0x557f69c90030_0, 0;
    %jmp T_3;
    .thread T_3;
    .scope S_0x557f69c44ff0;
T_4 ;
    %wait E_0x557f69c1ba70;
    %load/vec4 v0x557f69c91dc0_0;
    %flag_set/vec4 8;
    %jmp/0xz  T_4.0, 8;
    %load/vec4 v0x557f69c921b0_0;
    %ix/getv 3, v0x557f69c920c0_0;
    %ix/load 4, 0, 0; Constant delay
    %assign/vec4/a/d v0x557f69c92280, 0, 4;
T_4.0 ;
    %jmp T_4;
    .thread T_4;
    .scope S_0x557f69c44ff0;
T_5 ;
    %pushi/vec4 0, 0, 32;
    %ix/load 4, 0, 0;
    %flag_set/imm 4, 0;
    %store/vec4a v0x557f69c91f50, 4, 0;
    %pushi/vec4 1342177293, 0, 32;
    %ix/load 4, 1, 0;
    %flag_set/imm 4, 0;
    %store/vec4a v0x557f69c91f50, 4, 0;
    %pushi/vec4 1358954513, 0, 32;
    %ix/load 4, 2, 0;
    %flag_set/imm 4, 0;
    %store/vec4a v0x557f69c91f50, 4, 0;
    %pushi/vec4 1375731712, 0, 32;
    %ix/load 4, 3, 0;
    %flag_set/imm 4, 0;
    %store/vec4a v0x557f69c91f50, 4, 0;
    %pushi/vec4 1392508929, 0, 32;
    %ix/load 4, 4, 0;
    %flag_set/imm 4, 0;
    %store/vec4a v0x557f69c91f50, 4, 0;
    %pushi/vec4 1409286144, 0, 32;
    %ix/load 4, 5, 0;
    %flag_set/imm 4, 0;
    %store/vec4a v0x557f69c91f50, 4, 0;
    %pushi/vec4 1442840575, 0, 32;
    %ix/load 4, 6, 0;
    %flag_set/imm 4, 0;
    %store/vec4a v0x557f69c91f50, 4, 0;
    %pushi/vec4 1442840831, 0, 32;
    %ix/load 4, 7, 0;
    %flag_set/imm 4, 0;
    %store/vec4a v0x557f69c91f50, 4, 0;
    %pushi/vec4 3355772165, 0, 32;
    %ix/load 4, 8, 0;
    %flag_set/imm 4, 0;
    %store/vec4a v0x557f69c91f50, 4, 0;
    %pushi/vec4 4026860806, 0, 32;
    %ix/load 4, 9, 0;
    %flag_set/imm 4, 0;
    %store/vec4a v0x557f69c91f50, 4, 0;
    %pushi/vec4 4026597632, 0, 32;
    %ix/load 4, 10, 0;
    %flag_set/imm 4, 0;
    %store/vec4a v0x557f69c91f50, 4, 0;
    %pushi/vec4 1677787136, 0, 32;
    %ix/load 4, 11, 0;
    %flag_set/imm 4, 0;
    %store/vec4a v0x557f69c91f50, 4, 0;
    %pushi/vec4 4026795011, 0, 32;
    %ix/load 4, 12, 0;
    %flag_set/imm 4, 0;
    %store/vec4a v0x557f69c91f50, 4, 0;
    %pushi/vec4 3758555142, 0, 32;
    %ix/load 4, 13, 0;
    %flag_set/imm 4, 0;
    %store/vec4a v0x557f69c91f50, 4, 0;
    %pushi/vec4 4026992387, 0, 32;
    %ix/load 4, 14, 0;
    %flag_set/imm 4, 0;
    %store/vec4a v0x557f69c91f50, 4, 0;
    %pushi/vec4 4026992388, 0, 32;
    %ix/load 4, 15, 0;
    %flag_set/imm 4, 0;
    %store/vec4a v0x557f69c91f50, 4, 0;
    %pushi/vec4 2952790026, 0, 32;
    %ix/load 4, 16, 0;
    %flag_set/imm 4, 0;
    %store/vec4a v0x557f69c91f50, 4, 0;
    %pushi/vec4 0, 0, 32;
    %ix/load 4, 17, 0;
    %flag_set/imm 4, 0;
    %store/vec4a v0x557f69c91f50, 4, 0;
    %pushi/vec4 0, 0, 32;
    %ix/load 4, 18, 0;
    %flag_set/imm 4, 0;
    %store/vec4a v0x557f69c91f50, 4, 0;
    %pushi/vec4 0, 0, 32;
    %ix/load 4, 19, 0;
    %flag_set/imm 4, 0;
    %store/vec4a v0x557f69c91f50, 4, 0;
    %pushi/vec4 0, 0, 32;
    %ix/load 4, 20, 0;
    %flag_set/imm 4, 0;
    %store/vec4a v0x557f69c91f50, 4, 0;
    %pushi/vec4 2164523008, 0, 32;
    %ix/load 4, 21, 0;
    %flag_set/imm 4, 0;
    %store/vec4a v0x557f69c91f50, 4, 0;
    %pushi/vec4 1, 0, 1;
    %store/vec4 v0x557f69c92320_0, 0, 1;
    %delay 20, 0;
    %pushi/vec4 0, 0, 1;
    %store/vec4 v0x557f69c92320_0, 0, 1;
    %delay 20, 0;
    %end;
    .thread T_5;
    .scope S_0x557f69c44ff0;
T_6 ;
    %pushi/vec4 1, 0, 1;
    %store/vec4 v0x557f69c91eb0_0, 0, 1;
    %delay 20, 0;
    %pushi/vec4 0, 0, 1;
    %store/vec4 v0x557f69c91eb0_0, 0, 1;
    %delay 20, 0;
    %jmp T_6;
    .thread T_6;
# The file index is used to find the file name in the following table.
:file_names 6;
    "N/A";
    "<interactive>";
    "basicProcessor_tb.v";
    "./basicProcessor.v";
    "./alu.v";
    "./registerFile.v";
